0.2.3
  - timefilter
  - minor changes

0.2.2
  - add methods for upkimport
  - add pdimport
  - 'show' for UPKSubject

0.2.1
  - Multiple time - last used
  - urine pk
  - PD subject
  - Minor fix
  - Docs
  - Tests

0.2.0
  - UPKSubject
  - Full options in results
  - changes in modify!
  - minor keyword changes
  - Options struct

0.1.10
  - minor output changes
  - minor changes in validation report format

0.1.9
  - docs
  - test
  - fix plots
  - try to parse string values

0.1.8
  - MetidaBase 0.4
  - docs

0.1.7
  - better plotting
  - minor optimization

0.1.6
  - applylimitrule! methods
  - dose to result
  - fix set kelauto
  - docs

0.1.5
  - FIX Cdose extrapolation for IV
  - Use MetidaBase 0.3
  - nca method to NCA from table
  - modify! function
  - minor bugfix
  - missing data test

0.1.4
  - Plots
0.1.3
  - Tlag
  - Tests
0.1.2
  - Verbose

0.1.1
  - Fix and text

0.1.0
  - Initial
